$	upos=SYM
''	upos=PUNCT
,	upos=PUNCT
-LRB-	upos=PUNCT
-RRB-	upos=PUNCT
.	upos=PUNCT
:	upos=PUNCT
AFX	upos=ADJ
CC	upos=CONJ
CD	upos=NUM
DT	upos=DET
EX	upos=ADV
FW	upos=X
HYPH	upos=PUNCT
IN	upos=ADP
JJ	upos=ADJ
JJR	upos=ADJ
JJS	upos=ADJ
LS	upos=PUNCT
MD	upos=VERB
NIL	upos=X
NN	upos=NOUN
NNP	upos=PROPN
NNPS	upos=PROPN
NNS	upos=NOUN
PDT	upos=DET
POS	upos=PART
PRP	upos=PRON
PRP$	upos=DET
RB	upos=ADV
RBR	upos=ADV
RBS	upos=ADV
RP	upos=PART
SYM	upos=SYM
TO	upos=PART
UH	upos=INTJ
VB	upos=VERB
VBD	upos=VERB
VBG	upos=VERB
VBN	upos=VERB
VBP	upos=VERB
VBZ	upos=VERB
WDT	upos=DET
WP	upos=PRON
WP$	upos=DET
WRB	upos=ADV
"	upos=PUNCT