ao0000	upos=ADJ
aq0000	upos=ADJ
cc	upos=CONJ
cs	upos=CONJ
da0000	upos=DET
dd0000	upos=DET
de0000	upos=DET
di0000	upos=DET
dn0000	upos=DET
dp0000	upos=DET
dt0000	upos=DET
f0	upos=PUNCT
faa	upos=PUNCT
fat	upos=PUNCT
fc	upos=PUNCT
fd	upos=PUNCT
fe	upos=PUNCT
fg	upos=PUNCT
fh	upos=PUNCT
fia	upos=PUNCT
fit	upos=PUNCT
fpa	upos=PUNCT
fp	upos=PUNCT
fpt	upos=PUNCT
fs	upos=PUNCT
ft	upos=PUNCT
fx	upos=PUNCT
fz	upos=PUNCT
i	upos=INTJ
nc00000	upos=NOUN
nc0n000	upos=NOUN
nc0p000	upos=NOUN
nc0s000	upos=NOUN
np00000	upos=PROPN
p0000000	upos=PRON
pd000000	upos=PRON
pe000000	upos=PRON
pi000000	upos=PRON
pn000000	upos=PRON
pp000000	upos=PRON
pr000000	upos=PRON
pt000000	upos=PRON
px000000	upos=PRON
rg	upos=ADV
rn	upos=ADV
sp000	upos=ADP
vag0000	upos=AUX
vaic000	upos=AUX
vaif000	upos=AUX
vaii000	upos=AUX
vaip000	upos=AUX
vais000	upos=AUX
vam0000	upos=AUX
van0000	upos=AUX
vap0000	upos=AUX
vasi000	upos=AUX
vasp000	upos=AUX
vmg0000	upos=VERB
vmic000	upos=VERB
vmif000	upos=VERB
vmii000	upos=VERB
vmip000	upos=VERB
vmis000	upos=VERB
vmm0000	upos=VERB
vmn0000	upos=VERB
vmp0000	upos=VERB
vmsi000	upos=VERB
vmsp000	upos=VERB
vsg0000	upos=VERB
vsic000	upos=VERB
vsif000	upos=VERB
vsii000	upos=VERB
vsip000	upos=VERB
vsis000	upos=VERB
vsm0000	upos=VERB
vsn0000	upos=VERB
vsp0000	upos=VERB
vssf000	upos=VERB
vssi000	upos=VERB
vssp000	upos=VERB
w	upos=X
z0	upos=NUM
zm	upos=NUM
zu	upos=NUM
word	upos=X
